2023-03-18 16:40:14,060 INFO org.springframework.boot.StartupInfoLogger [main] Starting StudentApplication using Java 11.0.16.1 on DESKTOP-KNGFETH with PID 25772 (D:\java-advanced\TpComponenets\target\classes started by JOUD in D:\java-advanced\TpComponenets)
2023-03-18 16:40:14,066 DEBUG org.springframework.boot.StartupInfoLogger [main] Running with Spring Boot v2.5.1, Spring v5.3.8
2023-03-18 16:40:14,067 INFO org.springframework.boot.SpringApplication [main] The following profiles are active: local
2023-03-18 16:40:15,347 INFO org.springframework.data.repository.config.RepositoryConfigurationDelegate [main] Bootstrapping Spring Data JPA repositories in DEFAULT mode.
2023-03-18 16:40:15,419 INFO org.springframework.data.repository.config.RepositoryConfigurationDelegate [main] Finished Spring Data repository scanning in 60 ms. Found 1 JPA repository interfaces.
2023-03-18 16:40:16,484 INFO org.springframework.boot.web.embedded.tomcat.TomcatWebServer [main] Tomcat initialized with port(s): 8082 (http)
2023-03-18 16:40:16,499 INFO org.apache.juli.logging.DirectJDKLog [main] Initializing ProtocolHandler ["http-nio-8082"]
2023-03-18 16:40:16,500 INFO org.apache.juli.logging.DirectJDKLog [main] Starting service [Tomcat]
2023-03-18 16:40:16,500 INFO org.apache.juli.logging.DirectJDKLog [main] Starting Servlet engine: [Apache Tomcat/9.0.46]
2023-03-18 16:40:16,633 INFO org.apache.juli.logging.DirectJDKLog [main] Initializing Spring embedded WebApplicationContext
2023-03-18 16:40:16,633 INFO org.springframework.boot.web.servlet.context.ServletWebServerApplicationContext [main] Root WebApplicationContext: initialization completed in 2500 ms
2023-03-18 16:40:16,752 INFO com.zaxxer.hikari.HikariDataSource [main] HikariPool-1 - Starting...
2023-03-18 16:40:17,230 INFO com.zaxxer.hikari.HikariDataSource [main] HikariPool-1 - Start completed.
2023-03-18 16:40:17,400 INFO org.hibernate.jpa.internal.util.LogHelper [main] HHH000204: Processing PersistenceUnitInfo [name: default]
2023-03-18 16:40:17,497 INFO org.hibernate.Version [main] HHH000412: Hibernate ORM core version 5.4.32.Final
2023-03-18 16:40:17,699 INFO org.hibernate.annotations.common.reflection.java.JavaReflectionManager [main] HCANN000001: Hibernate Commons Annotations {5.1.2.Final}
2023-03-18 16:40:17,857 INFO org.hibernate.dialect.Dialect [main] HHH000400: Using dialect: org.hibernate.dialect.MySQL57Dialect
2023-03-18 16:40:18,782 WARN org.hibernate.tool.schema.internal.ExceptionHandlerLoggedImpl [main] GenerationTarget encountered exception accepting command : Error executing DDL "alter table majeur add constraint FKt0hsb4ykf5ksqdv8ehsmx4vuu foreign key (code, id) references student (code, id)" via JDBC Statement
org.hibernate.tool.schema.spi.CommandAcceptanceException: Error executing DDL "alter table majeur add constraint FKt0hsb4ykf5ksqdv8ehsmx4vuu foreign key (code, id) references student (code, id)" via JDBC Statement
	at org.hibernate.tool.schema.internal.exec.GenerationTargetToDatabase.accept(GenerationTargetToDatabase.java:67)
	at org.hibernate.tool.schema.internal.AbstractSchemaMigrator.applySqlString(AbstractSchemaMigrator.java:562)
	at org.hibernate.tool.schema.internal.AbstractSchemaMigrator.applySqlStrings(AbstractSchemaMigrator.java:507)
	at org.hibernate.tool.schema.internal.AbstractSchemaMigrator.applyForeignKeys(AbstractSchemaMigrator.java:433)
	at org.hibernate.tool.schema.internal.AbstractSchemaMigrator.performMigration(AbstractSchemaMigrator.java:249)
	at org.hibernate.tool.schema.internal.AbstractSchemaMigrator.doMigration(AbstractSchemaMigrator.java:114)
	at org.hibernate.tool.schema.spi.SchemaManagementToolCoordinator.performDatabaseAction(SchemaManagementToolCoordinator.java:184)
	at org.hibernate.tool.schema.spi.SchemaManagementToolCoordinator.process(SchemaManagementToolCoordinator.java:73)
	at org.hibernate.internal.SessionFactoryImpl.<init>(SessionFactoryImpl.java:318)
	at org.hibernate.boot.internal.SessionFactoryBuilderImpl.build(SessionFactoryBuilderImpl.java:468)
	at org.hibernate.jpa.boot.internal.EntityManagerFactoryBuilderImpl.build(EntityManagerFactoryBuilderImpl.java:1259)
	at org.springframework.orm.jpa.vendor.SpringHibernateJpaPersistenceProvider.createContainerEntityManagerFactory(SpringHibernateJpaPersistenceProvider.java:58)
	at org.springframework.orm.jpa.LocalContainerEntityManagerFactoryBean.createNativeEntityManagerFactory(LocalContainerEntityManagerFactoryBean.java:365)
	at org.springframework.orm.jpa.AbstractEntityManagerFactoryBean.buildNativeEntityManagerFactory(AbstractEntityManagerFactoryBean.java:409)
	at org.springframework.orm.jpa.AbstractEntityManagerFactoryBean.afterPropertiesSet(AbstractEntityManagerFactoryBean.java:396)
	at org.springframework.orm.jpa.LocalContainerEntityManagerFactoryBean.afterPropertiesSet(LocalContainerEntityManagerFactoryBean.java:341)
	at org.springframework.beans.factory.support.AbstractAutowireCapableBeanFactory.invokeInitMethods(AbstractAutowireCapableBeanFactory.java:1845)
	at org.springframework.beans.factory.support.AbstractAutowireCapableBeanFactory.initializeBean(AbstractAutowireCapableBeanFactory.java:1782)
	at org.springframework.beans.factory.support.AbstractAutowireCapableBeanFactory.doCreateBean(AbstractAutowireCapableBeanFactory.java:602)
	at org.springframework.beans.factory.support.AbstractAutowireCapableBeanFactory.createBean(AbstractAutowireCapableBeanFactory.java:524)
	at org.springframework.beans.factory.support.AbstractBeanFactory.lambda$doGetBean$0(AbstractBeanFactory.java:335)
	at org.springframework.beans.factory.support.DefaultSingletonBeanRegistry.getSingleton(DefaultSingletonBeanRegistry.java:234)
	at org.springframework.beans.factory.support.AbstractBeanFactory.doGetBean(AbstractBeanFactory.java:333)
	at org.springframework.beans.factory.support.AbstractBeanFactory.getBean(AbstractBeanFactory.java:208)
	at org.springframework.context.support.AbstractApplicationContext.getBean(AbstractApplicationContext.java:1154)
	at org.springframework.context.support.AbstractApplicationContext.finishBeanFactoryInitialization(AbstractApplicationContext.java:908)
	at org.springframework.context.support.AbstractApplicationContext.refresh(AbstractApplicationContext.java:583)
	at org.springframework.boot.web.servlet.context.ServletWebServerApplicationContext.refresh(ServletWebServerApplicationContext.java:145)
	at org.springframework.boot.SpringApplication.refresh(SpringApplication.java:754)
	at org.springframework.boot.SpringApplication.refreshContext(SpringApplication.java:434)
	at org.springframework.boot.SpringApplication.run(SpringApplication.java:338)
	at ma.pfe.StudentApplication.main(StudentApplication.java:21)
Caused by: java.sql.SQLException: Failed to add the foreign key constraint. Missing index for constraint 'FKt0hsb4ykf5ksqdv8ehsmx4vuu' in the referenced table 'student'
	at com.mysql.cj.jdbc.exceptions.SQLError.createSQLException(SQLError.java:129)
	at com.mysql.cj.jdbc.exceptions.SQLExceptionsMapping.translateException(SQLExceptionsMapping.java:122)
	at com.mysql.cj.jdbc.StatementImpl.executeInternal(StatementImpl.java:762)
	at com.mysql.cj.jdbc.StatementImpl.execute(StatementImpl.java:646)
	at com.zaxxer.hikari.pool.ProxyStatement.execute(ProxyStatement.java:94)
	at com.zaxxer.hikari.pool.HikariProxyStatement.execute(HikariProxyStatement.java)
	at org.hibernate.tool.schema.internal.exec.GenerationTargetToDatabase.accept(GenerationTargetToDatabase.java:54)
	... 31 common frames omitted
2023-03-18 16:40:18,785 WARN org.hibernate.tool.schema.internal.ExceptionHandlerLoggedImpl [main] GenerationTarget encountered exception accepting command : Error executing DDL "alter table mineur add constraint FK50y3bhc82dqqyby5609tapk43 foreign key (code, id) references student (code, id)" via JDBC Statement
org.hibernate.tool.schema.spi.CommandAcceptanceException: Error executing DDL "alter table mineur add constraint FK50y3bhc82dqqyby5609tapk43 foreign key (code, id) references student (code, id)" via JDBC Statement
	at org.hibernate.tool.schema.internal.exec.GenerationTargetToDatabase.accept(GenerationTargetToDatabase.java:67)
	at org.hibernate.tool.schema.internal.AbstractSchemaMigrator.applySqlString(AbstractSchemaMigrator.java:562)
	at org.hibernate.tool.schema.internal.AbstractSchemaMigrator.applySqlStrings(AbstractSchemaMigrator.java:507)
	at org.hibernate.tool.schema.internal.AbstractSchemaMigrator.applyForeignKeys(AbstractSchemaMigrator.java:433)
	at org.hibernate.tool.schema.internal.AbstractSchemaMigrator.performMigration(AbstractSchemaMigrator.java:249)
	at org.hibernate.tool.schema.internal.AbstractSchemaMigrator.doMigration(AbstractSchemaMigrator.java:114)
	at org.hibernate.tool.schema.spi.SchemaManagementToolCoordinator.performDatabaseAction(SchemaManagementToolCoordinator.java:184)
	at org.hibernate.tool.schema.spi.SchemaManagementToolCoordinator.process(SchemaManagementToolCoordinator.java:73)
	at org.hibernate.internal.SessionFactoryImpl.<init>(SessionFactoryImpl.java:318)
	at org.hibernate.boot.internal.SessionFactoryBuilderImpl.build(SessionFactoryBuilderImpl.java:468)
	at org.hibernate.jpa.boot.internal.EntityManagerFactoryBuilderImpl.build(EntityManagerFactoryBuilderImpl.java:1259)
	at org.springframework.orm.jpa.vendor.SpringHibernateJpaPersistenceProvider.createContainerEntityManagerFactory(SpringHibernateJpaPersistenceProvider.java:58)
	at org.springframework.orm.jpa.LocalContainerEntityManagerFactoryBean.createNativeEntityManagerFactory(LocalContainerEntityManagerFactoryBean.java:365)
	at org.springframework.orm.jpa.AbstractEntityManagerFactoryBean.buildNativeEntityManagerFactory(AbstractEntityManagerFactoryBean.java:409)
	at org.springframework.orm.jpa.AbstractEntityManagerFactoryBean.afterPropertiesSet(AbstractEntityManagerFactoryBean.java:396)
	at org.springframework.orm.jpa.LocalContainerEntityManagerFactoryBean.afterPropertiesSet(LocalContainerEntityManagerFactoryBean.java:341)
	at org.springframework.beans.factory.support.AbstractAutowireCapableBeanFactory.invokeInitMethods(AbstractAutowireCapableBeanFactory.java:1845)
	at org.springframework.beans.factory.support.AbstractAutowireCapableBeanFactory.initializeBean(AbstractAutowireCapableBeanFactory.java:1782)
	at org.springframework.beans.factory.support.AbstractAutowireCapableBeanFactory.doCreateBean(AbstractAutowireCapableBeanFactory.java:602)
	at org.springframework.beans.factory.support.AbstractAutowireCapableBeanFactory.createBean(AbstractAutowireCapableBeanFactory.java:524)
	at org.springframework.beans.factory.support.AbstractBeanFactory.lambda$doGetBean$0(AbstractBeanFactory.java:335)
	at org.springframework.beans.factory.support.DefaultSingletonBeanRegistry.getSingleton(DefaultSingletonBeanRegistry.java:234)
	at org.springframework.beans.factory.support.AbstractBeanFactory.doGetBean(AbstractBeanFactory.java:333)
	at org.springframework.beans.factory.support.AbstractBeanFactory.getBean(AbstractBeanFactory.java:208)
	at org.springframework.context.support.AbstractApplicationContext.getBean(AbstractApplicationContext.java:1154)
	at org.springframework.context.support.AbstractApplicationContext.finishBeanFactoryInitialization(AbstractApplicationContext.java:908)
	at org.springframework.context.support.AbstractApplicationContext.refresh(AbstractApplicationContext.java:583)
	at org.springframework.boot.web.servlet.context.ServletWebServerApplicationContext.refresh(ServletWebServerApplicationContext.java:145)
	at org.springframework.boot.SpringApplication.refresh(SpringApplication.java:754)
	at org.springframework.boot.SpringApplication.refreshContext(SpringApplication.java:434)
	at org.springframework.boot.SpringApplication.run(SpringApplication.java:338)
	at ma.pfe.StudentApplication.main(StudentApplication.java:21)
Caused by: java.sql.SQLException: Failed to add the foreign key constraint. Missing index for constraint 'FK50y3bhc82dqqyby5609tapk43' in the referenced table 'student'
	at com.mysql.cj.jdbc.exceptions.SQLError.createSQLException(SQLError.java:129)
	at com.mysql.cj.jdbc.exceptions.SQLExceptionsMapping.translateException(SQLExceptionsMapping.java:122)
	at com.mysql.cj.jdbc.StatementImpl.executeInternal(StatementImpl.java:762)
	at com.mysql.cj.jdbc.StatementImpl.execute(StatementImpl.java:646)
	at com.zaxxer.hikari.pool.ProxyStatement.execute(ProxyStatement.java:94)
	at com.zaxxer.hikari.pool.HikariProxyStatement.execute(HikariProxyStatement.java)
	at org.hibernate.tool.schema.internal.exec.GenerationTargetToDatabase.accept(GenerationTargetToDatabase.java:54)
	... 31 common frames omitted
2023-03-18 16:40:18,786 INFO org.hibernate.engine.transaction.jta.platform.internal.JtaPlatformInitiator [main] HHH000490: Using JtaPlatform implementation: [org.hibernate.engine.transaction.jta.platform.internal.NoJtaPlatform]
2023-03-18 16:40:18,796 INFO org.springframework.orm.jpa.AbstractEntityManagerFactoryBean [main] Initialized JPA EntityManagerFactory for persistence unit 'default'
2023-03-18 16:40:19,441 WARN org.springframework.boot.autoconfigure.orm.jpa.JpaBaseConfiguration$JpaWebConfiguration [main] spring.jpa.open-in-view is enabled by default. Therefore, database queries may be performed during view rendering. Explicitly configure spring.jpa.open-in-view to disable this warning
2023-03-18 16:40:19,578 DEBUG org.springframework.web.servlet.handler.AbstractHandlerMethodMapping [main] 11 mappings in 'requestMappingHandlerMapping'
2023-03-18 16:40:19,821 DEBUG org.springframework.web.servlet.mvc.method.annotation.RequestMappingHandlerAdapter [main] ControllerAdvice beans: 0 @ModelAttribute, 0 @InitBinder, 1 RequestBodyAdvice, 1 ResponseBodyAdvice
2023-03-18 16:40:19,884 DEBUG org.springframework.web.servlet.handler.SimpleUrlHandlerMapping [main] Patterns [/swagger-ui/] in 'viewControllerHandlerMapping'
2023-03-18 16:40:19,908 DEBUG org.springframework.web.servlet.handler.SimpleUrlHandlerMapping [main] Patterns [/webjars/**, /**, /swagger-ui/**] in 'resourceHandlerMapping'
2023-03-18 16:40:19,917 DEBUG org.springframework.web.servlet.mvc.method.annotation.ExceptionHandlerExceptionResolver [main] ControllerAdvice beans: 0 @ExceptionHandler, 1 ResponseBodyAdvice
2023-03-18 16:40:20,018 INFO org.apache.juli.logging.DirectJDKLog [main] Starting ProtocolHandler ["http-nio-8082"]
2023-03-18 16:40:20,046 INFO org.springframework.boot.web.embedded.tomcat.TomcatWebServer [main] Tomcat started on port(s): 8082 (http) with context path ''
2023-03-18 16:40:20,300 INFO org.springframework.boot.StartupInfoLogger [main] Started StudentApplication in 6.922 seconds (JVM running for 7.804)
2023-03-18 16:40:20,307 INFO ma.pfe.StudentApplication [main] Access URLs:
----------------------------------------------------------
	Local: 		http://127.0.0.1:8082/swagger-ui/#/
	External: 	http://172.31.0.1:8082/swagger-ui/#/
----------------------------------------------------------
2023-03-18 16:42:35,613 INFO org.springframework.boot.StartupInfoLogger [main] Starting StudentApplication using Java 11.0.16.1 on DESKTOP-KNGFETH with PID 14104 (D:\java-advanced\TpComponenets\target\classes started by JOUD in D:\java-advanced\TpComponenets)
2023-03-18 16:42:35,618 DEBUG org.springframework.boot.StartupInfoLogger [main] Running with Spring Boot v2.5.1, Spring v5.3.8
2023-03-18 16:42:35,619 INFO org.springframework.boot.SpringApplication [main] The following profiles are active: local
2023-03-18 16:42:37,021 INFO org.springframework.data.repository.config.RepositoryConfigurationDelegate [main] Bootstrapping Spring Data JPA repositories in DEFAULT mode.
2023-03-18 16:42:37,090 INFO org.springframework.data.repository.config.RepositoryConfigurationDelegate [main] Finished Spring Data repository scanning in 59 ms. Found 1 JPA repository interfaces.
2023-03-18 16:42:38,516 INFO org.springframework.boot.web.embedded.tomcat.TomcatWebServer [main] Tomcat initialized with port(s): 8082 (http)
2023-03-18 16:42:38,529 INFO org.apache.juli.logging.DirectJDKLog [main] Initializing ProtocolHandler ["http-nio-8082"]
2023-03-18 16:42:38,530 INFO org.apache.juli.logging.DirectJDKLog [main] Starting service [Tomcat]
2023-03-18 16:42:38,530 INFO org.apache.juli.logging.DirectJDKLog [main] Starting Servlet engine: [Apache Tomcat/9.0.46]
2023-03-18 16:42:38,685 INFO org.apache.juli.logging.DirectJDKLog [main] Initializing Spring embedded WebApplicationContext
2023-03-18 16:42:38,685 INFO org.springframework.boot.web.servlet.context.ServletWebServerApplicationContext [main] Root WebApplicationContext: initialization completed in 2991 ms
2023-03-18 16:42:38,837 INFO com.zaxxer.hikari.HikariDataSource [main] HikariPool-1 - Starting...
2023-03-18 16:42:39,258 INFO com.zaxxer.hikari.HikariDataSource [main] HikariPool-1 - Start completed.
2023-03-18 16:42:39,440 INFO org.hibernate.jpa.internal.util.LogHelper [main] HHH000204: Processing PersistenceUnitInfo [name: default]
2023-03-18 16:42:39,531 INFO org.hibernate.Version [main] HHH000412: Hibernate ORM core version 5.4.32.Final
2023-03-18 16:42:39,722 INFO org.hibernate.annotations.common.reflection.java.JavaReflectionManager [main] HCANN000001: Hibernate Commons Annotations {5.1.2.Final}
2023-03-18 16:42:39,903 INFO org.hibernate.dialect.Dialect [main] HHH000400: Using dialect: org.hibernate.dialect.MySQL57Dialect
2023-03-18 16:42:40,762 WARN org.hibernate.tool.schema.internal.ExceptionHandlerLoggedImpl [main] GenerationTarget encountered exception accepting command : Error executing DDL "alter table majeur drop foreign key FKt0hsb4ykf5ksqdv8ehsmx4vuu" via JDBC Statement
org.hibernate.tool.schema.spi.CommandAcceptanceException: Error executing DDL "alter table majeur drop foreign key FKt0hsb4ykf5ksqdv8ehsmx4vuu" via JDBC Statement
	at org.hibernate.tool.schema.internal.exec.GenerationTargetToDatabase.accept(GenerationTargetToDatabase.java:67)
	at org.hibernate.tool.schema.internal.SchemaDropperImpl.applySqlString(SchemaDropperImpl.java:375)
	at org.hibernate.tool.schema.internal.SchemaDropperImpl.applySqlStrings(SchemaDropperImpl.java:359)
	at org.hibernate.tool.schema.internal.SchemaDropperImpl.applyConstraintDropping(SchemaDropperImpl.java:331)
	at org.hibernate.tool.schema.internal.SchemaDropperImpl.dropFromMetadata(SchemaDropperImpl.java:230)
	at org.hibernate.tool.schema.internal.SchemaDropperImpl.performDrop(SchemaDropperImpl.java:154)
	at org.hibernate.tool.schema.internal.SchemaDropperImpl.doDrop(SchemaDropperImpl.java:126)
	at org.hibernate.tool.schema.internal.SchemaDropperImpl.doDrop(SchemaDropperImpl.java:112)
	at org.hibernate.tool.schema.spi.SchemaManagementToolCoordinator.performDatabaseAction(SchemaManagementToolCoordinator.java:145)
	at org.hibernate.tool.schema.spi.SchemaManagementToolCoordinator.process(SchemaManagementToolCoordinator.java:73)
	at org.hibernate.internal.SessionFactoryImpl.<init>(SessionFactoryImpl.java:318)
	at org.hibernate.boot.internal.SessionFactoryBuilderImpl.build(SessionFactoryBuilderImpl.java:468)
	at org.hibernate.jpa.boot.internal.EntityManagerFactoryBuilderImpl.build(EntityManagerFactoryBuilderImpl.java:1259)
	at org.springframework.orm.jpa.vendor.SpringHibernateJpaPersistenceProvider.createContainerEntityManagerFactory(SpringHibernateJpaPersistenceProvider.java:58)
	at org.springframework.orm.jpa.LocalContainerEntityManagerFactoryBean.createNativeEntityManagerFactory(LocalContainerEntityManagerFactoryBean.java:365)
	at org.springframework.orm.jpa.AbstractEntityManagerFactoryBean.buildNativeEntityManagerFactory(AbstractEntityManagerFactoryBean.java:409)
	at org.springframework.orm.jpa.AbstractEntityManagerFactoryBean.afterPropertiesSet(AbstractEntityManagerFactoryBean.java:396)
	at org.springframework.orm.jpa.LocalContainerEntityManagerFactoryBean.afterPropertiesSet(LocalContainerEntityManagerFactoryBean.java:341)
	at org.springframework.beans.factory.support.AbstractAutowireCapableBeanFactory.invokeInitMethods(AbstractAutowireCapableBeanFactory.java:1845)
	at org.springframework.beans.factory.support.AbstractAutowireCapableBeanFactory.initializeBean(AbstractAutowireCapableBeanFactory.java:1782)
	at org.springframework.beans.factory.support.AbstractAutowireCapableBeanFactory.doCreateBean(AbstractAutowireCapableBeanFactory.java:602)
	at org.springframework.beans.factory.support.AbstractAutowireCapableBeanFactory.createBean(AbstractAutowireCapableBeanFactory.java:524)
	at org.springframework.beans.factory.support.AbstractBeanFactory.lambda$doGetBean$0(AbstractBeanFactory.java:335)
	at org.springframework.beans.factory.support.DefaultSingletonBeanRegistry.getSingleton(DefaultSingletonBeanRegistry.java:234)
	at org.springframework.beans.factory.support.AbstractBeanFactory.doGetBean(AbstractBeanFactory.java:333)
	at org.springframework.beans.factory.support.AbstractBeanFactory.getBean(AbstractBeanFactory.java:208)
	at org.springframework.context.support.AbstractApplicationContext.getBean(AbstractApplicationContext.java:1154)
	at org.springframework.context.support.AbstractApplicationContext.finishBeanFactoryInitialization(AbstractApplicationContext.java:908)
	at org.springframework.context.support.AbstractApplicationContext.refresh(AbstractApplicationContext.java:583)
	at org.springframework.boot.web.servlet.context.ServletWebServerApplicationContext.refresh(ServletWebServerApplicationContext.java:145)
	at org.springframework.boot.SpringApplication.refresh(SpringApplication.java:754)
	at org.springframework.boot.SpringApplication.refreshContext(SpringApplication.java:434)
	at org.springframework.boot.SpringApplication.run(SpringApplication.java:338)
	at ma.pfe.StudentApplication.main(StudentApplication.java:21)
Caused by: java.sql.SQLSyntaxErrorException: Can't DROP 'FKt0hsb4ykf5ksqdv8ehsmx4vuu'; check that column/key exists
	at com.mysql.cj.jdbc.exceptions.SQLError.createSQLException(SQLError.java:120)
	at com.mysql.cj.jdbc.exceptions.SQLExceptionsMapping.translateException(SQLExceptionsMapping.java:122)
	at com.mysql.cj.jdbc.StatementImpl.executeInternal(StatementImpl.java:762)
	at com.mysql.cj.jdbc.StatementImpl.execute(StatementImpl.java:646)
	at com.zaxxer.hikari.pool.ProxyStatement.execute(ProxyStatement.java:94)
	at com.zaxxer.hikari.pool.HikariProxyStatement.execute(HikariProxyStatement.java)
	at org.hibernate.tool.schema.internal.exec.GenerationTargetToDatabase.accept(GenerationTargetToDatabase.java:54)
	... 33 common frames omitted
2023-03-18 16:42:40,765 WARN org.hibernate.tool.schema.internal.ExceptionHandlerLoggedImpl [main] GenerationTarget encountered exception accepting command : Error executing DDL "alter table mineur drop foreign key FK50y3bhc82dqqyby5609tapk43" via JDBC Statement
org.hibernate.tool.schema.spi.CommandAcceptanceException: Error executing DDL "alter table mineur drop foreign key FK50y3bhc82dqqyby5609tapk43" via JDBC Statement
	at org.hibernate.tool.schema.internal.exec.GenerationTargetToDatabase.accept(GenerationTargetToDatabase.java:67)
	at org.hibernate.tool.schema.internal.SchemaDropperImpl.applySqlString(SchemaDropperImpl.java:375)
	at org.hibernate.tool.schema.internal.SchemaDropperImpl.applySqlStrings(SchemaDropperImpl.java:359)
	at org.hibernate.tool.schema.internal.SchemaDropperImpl.applyConstraintDropping(SchemaDropperImpl.java:331)
	at org.hibernate.tool.schema.internal.SchemaDropperImpl.dropFromMetadata(SchemaDropperImpl.java:230)
	at org.hibernate.tool.schema.internal.SchemaDropperImpl.performDrop(SchemaDropperImpl.java:154)
	at org.hibernate.tool.schema.internal.SchemaDropperImpl.doDrop(SchemaDropperImpl.java:126)
	at org.hibernate.tool.schema.internal.SchemaDropperImpl.doDrop(SchemaDropperImpl.java:112)
	at org.hibernate.tool.schema.spi.SchemaManagementToolCoordinator.performDatabaseAction(SchemaManagementToolCoordinator.java:145)
	at org.hibernate.tool.schema.spi.SchemaManagementToolCoordinator.process(SchemaManagementToolCoordinator.java:73)
	at org.hibernate.internal.SessionFactoryImpl.<init>(SessionFactoryImpl.java:318)
	at org.hibernate.boot.internal.SessionFactoryBuilderImpl.build(SessionFactoryBuilderImpl.java:468)
	at org.hibernate.jpa.boot.internal.EntityManagerFactoryBuilderImpl.build(EntityManagerFactoryBuilderImpl.java:1259)
	at org.springframework.orm.jpa.vendor.SpringHibernateJpaPersistenceProvider.createContainerEntityManagerFactory(SpringHibernateJpaPersistenceProvider.java:58)
	at org.springframework.orm.jpa.LocalContainerEntityManagerFactoryBean.createNativeEntityManagerFactory(LocalContainerEntityManagerFactoryBean.java:365)
	at org.springframework.orm.jpa.AbstractEntityManagerFactoryBean.buildNativeEntityManagerFactory(AbstractEntityManagerFactoryBean.java:409)
	at org.springframework.orm.jpa.AbstractEntityManagerFactoryBean.afterPropertiesSet(AbstractEntityManagerFactoryBean.java:396)
	at org.springframework.orm.jpa.LocalContainerEntityManagerFactoryBean.afterPropertiesSet(LocalContainerEntityManagerFactoryBean.java:341)
	at org.springframework.beans.factory.support.AbstractAutowireCapableBeanFactory.invokeInitMethods(AbstractAutowireCapableBeanFactory.java:1845)
	at org.springframework.beans.factory.support.AbstractAutowireCapableBeanFactory.initializeBean(AbstractAutowireCapableBeanFactory.java:1782)
	at org.springframework.beans.factory.support.AbstractAutowireCapableBeanFactory.doCreateBean(AbstractAutowireCapableBeanFactory.java:602)
	at org.springframework.beans.factory.support.AbstractAutowireCapableBeanFactory.createBean(AbstractAutowireCapableBeanFactory.java:524)
	at org.springframework.beans.factory.support.AbstractBeanFactory.lambda$doGetBean$0(AbstractBeanFactory.java:335)
	at org.springframework.beans.factory.support.DefaultSingletonBeanRegistry.getSingleton(DefaultSingletonBeanRegistry.java:234)
	at org.springframework.beans.factory.support.AbstractBeanFactory.doGetBean(AbstractBeanFactory.java:333)
	at org.springframework.beans.factory.support.AbstractBeanFactory.getBean(AbstractBeanFactory.java:208)
	at org.springframework.context.support.AbstractApplicationContext.getBean(AbstractApplicationContext.java:1154)
	at org.springframework.context.support.AbstractApplicationContext.finishBeanFactoryInitialization(AbstractApplicationContext.java:908)
	at org.springframework.context.support.AbstractApplicationContext.refresh(AbstractApplicationContext.java:583)
	at org.springframework.boot.web.servlet.context.ServletWebServerApplicationContext.refresh(ServletWebServerApplicationContext.java:145)
	at org.springframework.boot.SpringApplication.refresh(SpringApplication.java:754)
	at org.springframework.boot.SpringApplication.refreshContext(SpringApplication.java:434)
	at org.springframework.boot.SpringApplication.run(SpringApplication.java:338)
	at ma.pfe.StudentApplication.main(StudentApplication.java:21)
Caused by: java.sql.SQLSyntaxErrorException: Can't DROP 'FK50y3bhc82dqqyby5609tapk43'; check that column/key exists
	at com.mysql.cj.jdbc.exceptions.SQLError.createSQLException(SQLError.java:120)
	at com.mysql.cj.jdbc.exceptions.SQLExceptionsMapping.translateException(SQLExceptionsMapping.java:122)
	at com.mysql.cj.jdbc.StatementImpl.executeInternal(StatementImpl.java:762)
	at com.mysql.cj.jdbc.StatementImpl.execute(StatementImpl.java:646)
	at com.zaxxer.hikari.pool.ProxyStatement.execute(ProxyStatement.java:94)
	at com.zaxxer.hikari.pool.HikariProxyStatement.execute(HikariProxyStatement.java)
	at org.hibernate.tool.schema.internal.exec.GenerationTargetToDatabase.accept(GenerationTargetToDatabase.java:54)
	... 33 common frames omitted
2023-03-18 16:42:40,934 INFO org.hibernate.engine.transaction.jta.platform.internal.JtaPlatformInitiator [main] HHH000490: Using JtaPlatform implementation: [org.hibernate.engine.transaction.jta.platform.internal.NoJtaPlatform]
2023-03-18 16:42:40,945 INFO org.springframework.orm.jpa.AbstractEntityManagerFactoryBean [main] Initialized JPA EntityManagerFactory for persistence unit 'default'
2023-03-18 16:42:41,539 WARN org.springframework.boot.autoconfigure.orm.jpa.JpaBaseConfiguration$JpaWebConfiguration [main] spring.jpa.open-in-view is enabled by default. Therefore, database queries may be performed during view rendering. Explicitly configure spring.jpa.open-in-view to disable this warning
2023-03-18 16:42:41,665 DEBUG org.springframework.web.servlet.handler.AbstractHandlerMethodMapping [main] 11 mappings in 'requestMappingHandlerMapping'
2023-03-18 16:42:41,905 DEBUG org.springframework.web.servlet.mvc.method.annotation.RequestMappingHandlerAdapter [main] ControllerAdvice beans: 0 @ModelAttribute, 0 @InitBinder, 1 RequestBodyAdvice, 1 ResponseBodyAdvice
2023-03-18 16:42:41,962 DEBUG org.springframework.web.servlet.handler.SimpleUrlHandlerMapping [main] Patterns [/swagger-ui/] in 'viewControllerHandlerMapping'
2023-03-18 16:42:41,984 DEBUG org.springframework.web.servlet.handler.SimpleUrlHandlerMapping [main] Patterns [/webjars/**, /**, /swagger-ui/**] in 'resourceHandlerMapping'
2023-03-18 16:42:41,996 DEBUG org.springframework.web.servlet.mvc.method.annotation.ExceptionHandlerExceptionResolver [main] ControllerAdvice beans: 0 @ExceptionHandler, 1 ResponseBodyAdvice
2023-03-18 16:42:42,107 INFO org.apache.juli.logging.DirectJDKLog [main] Starting ProtocolHandler ["http-nio-8082"]
2023-03-18 16:42:42,136 INFO org.springframework.boot.web.embedded.tomcat.TomcatWebServer [main] Tomcat started on port(s): 8082 (http) with context path ''
2023-03-18 16:42:42,402 INFO org.springframework.boot.StartupInfoLogger [main] Started StudentApplication in 7.404 seconds (JVM running for 8.16)
2023-03-18 16:42:42,408 INFO ma.pfe.StudentApplication [main] Access URLs:
----------------------------------------------------------
	Local: 		http://127.0.0.1:8082/swagger-ui/#/
	External: 	http://172.31.0.1:8082/swagger-ui/#/
----------------------------------------------------------
2023-03-18 16:43:46,453 INFO org.springframework.boot.StartupInfoLogger [main] Starting StudentApplication using Java 11.0.16.1 on DESKTOP-KNGFETH with PID 17744 (D:\java-advanced\TpComponenets\target\classes started by JOUD in D:\java-advanced\TpComponenets)
2023-03-18 16:43:46,457 DEBUG org.springframework.boot.StartupInfoLogger [main] Running with Spring Boot v2.5.1, Spring v5.3.8
2023-03-18 16:43:46,457 INFO org.springframework.boot.SpringApplication [main] The following profiles are active: local
2023-03-18 16:43:47,698 INFO org.springframework.data.repository.config.RepositoryConfigurationDelegate [main] Bootstrapping Spring Data JPA repositories in DEFAULT mode.
2023-03-18 16:43:47,764 INFO org.springframework.data.repository.config.RepositoryConfigurationDelegate [main] Finished Spring Data repository scanning in 56 ms. Found 1 JPA repository interfaces.
2023-03-18 16:43:48,806 INFO org.springframework.boot.web.embedded.tomcat.TomcatWebServer [main] Tomcat initialized with port(s): 8082 (http)
2023-03-18 16:43:48,820 INFO org.apache.juli.logging.DirectJDKLog [main] Initializing ProtocolHandler ["http-nio-8082"]
2023-03-18 16:43:48,821 INFO org.apache.juli.logging.DirectJDKLog [main] Starting service [Tomcat]
2023-03-18 16:43:48,821 INFO org.apache.juli.logging.DirectJDKLog [main] Starting Servlet engine: [Apache Tomcat/9.0.46]
2023-03-18 16:43:48,956 INFO org.apache.juli.logging.DirectJDKLog [main] Initializing Spring embedded WebApplicationContext
2023-03-18 16:43:48,956 INFO org.springframework.boot.web.servlet.context.ServletWebServerApplicationContext [main] Root WebApplicationContext: initialization completed in 2442 ms
2023-03-18 16:43:49,080 INFO com.zaxxer.hikari.HikariDataSource [main] HikariPool-1 - Starting...
2023-03-18 16:43:49,466 INFO com.zaxxer.hikari.HikariDataSource [main] HikariPool-1 - Start completed.
2023-03-18 16:43:49,609 INFO org.hibernate.jpa.internal.util.LogHelper [main] HHH000204: Processing PersistenceUnitInfo [name: default]
2023-03-18 16:43:49,673 INFO org.hibernate.Version [main] HHH000412: Hibernate ORM core version 5.4.32.Final
2023-03-18 16:43:49,854 INFO org.hibernate.annotations.common.reflection.java.JavaReflectionManager [main] HCANN000001: Hibernate Commons Annotations {5.1.2.Final}
2023-03-18 16:43:49,996 INFO org.hibernate.dialect.Dialect [main] HHH000400: Using dialect: org.hibernate.dialect.MySQL57Dialect
2023-03-18 16:43:50,830 INFO org.hibernate.engine.transaction.jta.platform.internal.JtaPlatformInitiator [main] HHH000490: Using JtaPlatform implementation: [org.hibernate.engine.transaction.jta.platform.internal.NoJtaPlatform]
2023-03-18 16:43:50,838 INFO org.springframework.orm.jpa.AbstractEntityManagerFactoryBean [main] Initialized JPA EntityManagerFactory for persistence unit 'default'
2023-03-18 16:43:51,385 WARN org.springframework.boot.autoconfigure.orm.jpa.JpaBaseConfiguration$JpaWebConfiguration [main] spring.jpa.open-in-view is enabled by default. Therefore, database queries may be performed during view rendering. Explicitly configure spring.jpa.open-in-view to disable this warning
2023-03-18 16:43:51,494 DEBUG org.springframework.web.servlet.handler.AbstractHandlerMethodMapping [main] 11 mappings in 'requestMappingHandlerMapping'
2023-03-18 16:43:51,716 DEBUG org.springframework.web.servlet.mvc.method.annotation.RequestMappingHandlerAdapter [main] ControllerAdvice beans: 0 @ModelAttribute, 0 @InitBinder, 1 RequestBodyAdvice, 1 ResponseBodyAdvice
2023-03-18 16:43:51,764 DEBUG org.springframework.web.servlet.handler.SimpleUrlHandlerMapping [main] Patterns [/swagger-ui/] in 'viewControllerHandlerMapping'
2023-03-18 16:43:51,785 DEBUG org.springframework.web.servlet.handler.SimpleUrlHandlerMapping [main] Patterns [/webjars/**, /**, /swagger-ui/**] in 'resourceHandlerMapping'
2023-03-18 16:43:51,794 DEBUG org.springframework.web.servlet.mvc.method.annotation.ExceptionHandlerExceptionResolver [main] ControllerAdvice beans: 0 @ExceptionHandler, 1 ResponseBodyAdvice
2023-03-18 16:43:51,891 INFO org.apache.juli.logging.DirectJDKLog [main] Starting ProtocolHandler ["http-nio-8082"]
2023-03-18 16:43:51,924 INFO org.springframework.boot.web.embedded.tomcat.TomcatWebServer [main] Tomcat started on port(s): 8082 (http) with context path ''
2023-03-18 16:43:52,183 INFO org.springframework.boot.StartupInfoLogger [main] Started StudentApplication in 6.273 seconds (JVM running for 7.074)
2023-03-18 16:43:52,187 INFO ma.pfe.StudentApplication [main] Access URLs:
----------------------------------------------------------
	Local: 		http://127.0.0.1:8082/swagger-ui/#/
	External: 	http://172.31.0.1:8082/swagger-ui/#/
----------------------------------------------------------
2023-03-18 18:09:14,924 INFO org.apache.juli.logging.DirectJDKLog [http-nio-8082-exec-1] Initializing Spring DispatcherServlet 'dispatcherServlet'
2023-03-18 18:09:14,925 INFO org.springframework.web.servlet.FrameworkServlet [http-nio-8082-exec-1] Initializing Servlet 'dispatcherServlet'
2023-03-18 18:09:14,925 DEBUG org.springframework.web.servlet.DispatcherServlet [http-nio-8082-exec-1] Detected StandardServletMultipartResolver
2023-03-18 18:09:14,925 DEBUG org.springframework.web.servlet.DispatcherServlet [http-nio-8082-exec-1] Detected AcceptHeaderLocaleResolver
2023-03-18 18:09:14,925 DEBUG org.springframework.web.servlet.DispatcherServlet [http-nio-8082-exec-1] Detected FixedThemeResolver
2023-03-18 18:09:14,927 DEBUG org.springframework.web.servlet.DispatcherServlet [http-nio-8082-exec-1] Detected org.springframework.web.servlet.view.DefaultRequestToViewNameTranslator@160d68b8
2023-03-18 18:09:14,927 DEBUG org.springframework.web.servlet.DispatcherServlet [http-nio-8082-exec-1] Detected org.springframework.web.servlet.support.SessionFlashMapManager@4767be27
2023-03-18 18:09:14,928 DEBUG org.springframework.web.servlet.FrameworkServlet [http-nio-8082-exec-1] enableLoggingRequestDetails='false': request parameters and headers will be masked to prevent unsafe logging of potentially sensitive data
2023-03-18 18:09:14,928 INFO org.springframework.web.servlet.FrameworkServlet [http-nio-8082-exec-1] Completed initialization in 3 ms
2023-03-18 18:09:14,940 DEBUG org.springframework.core.log.LogFormatUtils [http-nio-8082-exec-1] GET "/swagger-ui/", parameters={}
2023-03-18 18:09:14,948 DEBUG org.springframework.web.servlet.handler.AbstractHandlerMapping [http-nio-8082-exec-1] Mapped to ParameterizableViewController [view="forward:/swagger-ui/index.html"]
2023-03-18 18:09:14,957 DEBUG org.springframework.web.servlet.view.ContentNegotiatingViewResolver [http-nio-8082-exec-1] Selected 'text/html' given [text/html, application/xhtml+xml, image/avif, image/webp, image/apng, application/xml;q=0.9, application/signed-exchange;v=b3;q=0.9, */*;q=0.8]
2023-03-18 18:09:14,957 DEBUG org.springframework.web.servlet.view.AbstractView [http-nio-8082-exec-1] View name 'forward:', model {}
2023-03-18 18:09:14,959 DEBUG org.springframework.web.servlet.view.InternalResourceView [http-nio-8082-exec-1] Forwarding to [/swagger-ui/index.html]
2023-03-18 18:09:14,965 DEBUG org.springframework.core.log.LogFormatUtils [http-nio-8082-exec-1] "FORWARD" dispatch for GET "/swagger-ui/index.html", parameters={}
2023-03-18 18:09:14,968 DEBUG org.springframework.web.servlet.handler.AbstractHandlerMapping [http-nio-8082-exec-1] Mapped to ResourceHttpRequestHandler [Classpath [META-INF/resources/webjars/springfox-swagger-ui/]]
2023-03-18 18:09:14,991 DEBUG org.springframework.web.servlet.FrameworkServlet [http-nio-8082-exec-1] Exiting from "FORWARD" dispatch, status 200
2023-03-18 18:09:14,993 DEBUG org.springframework.web.servlet.FrameworkServlet [http-nio-8082-exec-1] Completed 200 OK
2023-03-18 18:09:15,032 DEBUG org.springframework.core.log.LogFormatUtils [http-nio-8082-exec-2] GET "/swagger-ui/springfox.css?v=3.0.0", parameters={masked}
2023-03-18 18:09:15,032 DEBUG org.springframework.core.log.LogFormatUtils [http-nio-8082-exec-5] GET "/swagger-ui/springfox.js?v=3.0.0", parameters={masked}
2023-03-18 18:09:15,032 DEBUG org.springframework.core.log.LogFormatUtils [http-nio-8082-exec-3] GET "/swagger-ui/swagger-ui-bundle.js?v=3.0.0", parameters={masked}
2023-03-18 18:09:15,032 DEBUG org.springframework.core.log.LogFormatUtils [http-nio-8082-exec-4] GET "/swagger-ui/swagger-ui.css?v=3.0.0", parameters={masked}
2023-03-18 18:09:15,033 DEBUG org.springframework.core.log.LogFormatUtils [http-nio-8082-exec-6] GET "/swagger-ui/swagger-ui-standalone-preset.js?v=3.0.0", parameters={masked}
2023-03-18 18:09:15,034 DEBUG org.springframework.web.servlet.handler.AbstractHandlerMapping [http-nio-8082-exec-2] Mapped to ResourceHttpRequestHandler [Classpath [META-INF/resources/webjars/springfox-swagger-ui/]]
2023-03-18 18:09:15,034 DEBUG org.springframework.web.servlet.handler.AbstractHandlerMapping [http-nio-8082-exec-3] Mapped to ResourceHttpRequestHandler [Classpath [META-INF/resources/webjars/springfox-swagger-ui/]]
2023-03-18 18:09:15,034 DEBUG org.springframework.web.servlet.handler.AbstractHandlerMapping [http-nio-8082-exec-4] Mapped to ResourceHttpRequestHandler [Classpath [META-INF/resources/webjars/springfox-swagger-ui/]]
2023-03-18 18:09:15,034 DEBUG org.springframework.web.servlet.handler.AbstractHandlerMapping [http-nio-8082-exec-5] Mapped to ResourceHttpRequestHandler [Classpath [META-INF/resources/webjars/springfox-swagger-ui/]]
2023-03-18 18:09:15,034 DEBUG org.springframework.web.servlet.handler.AbstractHandlerMapping [http-nio-8082-exec-6] Mapped to ResourceHttpRequestHandler [Classpath [META-INF/resources/webjars/springfox-swagger-ui/]]
2023-03-18 18:09:15,046 DEBUG org.springframework.web.servlet.FrameworkServlet [http-nio-8082-exec-2] Completed 200 OK
2023-03-18 18:09:15,055 DEBUG org.springframework.web.servlet.FrameworkServlet [http-nio-8082-exec-4] Completed 200 OK
2023-03-18 18:09:15,055 DEBUG org.springframework.web.servlet.FrameworkServlet [http-nio-8082-exec-5] Completed 200 OK
2023-03-18 18:09:15,064 DEBUG org.springframework.web.servlet.FrameworkServlet [http-nio-8082-exec-6] Completed 200 OK
2023-03-18 18:09:15,093 DEBUG org.springframework.web.servlet.FrameworkServlet [http-nio-8082-exec-3] Completed 200 OK
2023-03-18 18:09:15,412 DEBUG org.springframework.core.log.LogFormatUtils [http-nio-8082-exec-7] GET "/swagger-resources/configuration/ui", parameters={}
2023-03-18 18:09:15,416 DEBUG org.springframework.web.servlet.handler.AbstractHandlerMapping [http-nio-8082-exec-7] Mapped to springfox.documentation.swagger.web.ApiResourceController#uiConfiguration()
2023-03-18 18:09:15,417 DEBUG org.springframework.core.log.LogFormatUtils [http-nio-8082-exec-8] GET "/swagger-ui/favicon-32x32.png?v=3.0.0", parameters={masked}
2023-03-18 18:09:15,423 DEBUG org.springframework.web.servlet.handler.AbstractHandlerMapping [http-nio-8082-exec-8] Mapped to ResourceHttpRequestHandler [Classpath [META-INF/resources/webjars/springfox-swagger-ui/]]
2023-03-18 18:09:15,437 DEBUG org.springframework.web.servlet.FrameworkServlet [http-nio-8082-exec-8] Completed 200 OK
2023-03-18 18:09:15,452 DEBUG org.springframework.web.servlet.mvc.method.annotation.AbstractMessageConverterMethodProcessor [http-nio-8082-exec-7] Using 'application/json', given [application/json] and supported [application/json]
2023-03-18 18:09:15,524 DEBUG org.springframework.core.log.LogFormatUtils [http-nio-8082-exec-7] Writing [springfox.documentation.swagger.web.UiConfiguration@5dce8f8b]
2023-03-18 18:09:15,545 DEBUG org.springframework.web.servlet.FrameworkServlet [http-nio-8082-exec-7] Completed 200 OK
2023-03-18 18:09:15,554 DEBUG org.springframework.core.log.LogFormatUtils [http-nio-8082-exec-9] GET "/swagger-resources/configuration/security", parameters={}
2023-03-18 18:09:15,555 DEBUG org.springframework.web.servlet.handler.AbstractHandlerMapping [http-nio-8082-exec-9] Mapped to springfox.documentation.swagger.web.ApiResourceController#securityConfiguration()
2023-03-18 18:09:15,556 DEBUG org.springframework.web.servlet.mvc.method.annotation.AbstractMessageConverterMethodProcessor [http-nio-8082-exec-9] Using 'application/json', given [application/json] and supported [application/json]
2023-03-18 18:09:15,561 DEBUG org.springframework.core.log.LogFormatUtils [http-nio-8082-exec-9] Writing [springfox.documentation.swagger.web.SecurityConfiguration@1bb5fc2c]
2023-03-18 18:09:15,564 DEBUG org.springframework.web.servlet.FrameworkServlet [http-nio-8082-exec-9] Completed 200 OK
2023-03-18 18:09:15,574 DEBUG org.springframework.core.log.LogFormatUtils [http-nio-8082-exec-10] GET "/swagger-resources", parameters={}
2023-03-18 18:09:15,575 DEBUG org.springframework.web.servlet.handler.AbstractHandlerMapping [http-nio-8082-exec-10] Mapped to springfox.documentation.swagger.web.ApiResourceController#swaggerResources()
2023-03-18 18:09:15,576 DEBUG org.springframework.web.servlet.mvc.method.annotation.AbstractMessageConverterMethodProcessor [http-nio-8082-exec-10] Using 'application/json', given [application/json] and supported [application/json]
2023-03-18 18:09:15,577 DEBUG org.springframework.core.log.LogFormatUtils [http-nio-8082-exec-10] Writing [[springfox.documentation.swagger.web.SwaggerResource@2af35581]]
2023-03-18 18:09:15,581 DEBUG org.springframework.web.servlet.FrameworkServlet [http-nio-8082-exec-10] Completed 200 OK
2023-03-18 18:09:15,622 DEBUG org.springframework.core.log.LogFormatUtils [http-nio-8082-exec-1] GET "/v2/api-docs", parameters={}
2023-03-18 18:09:15,624 DEBUG org.springframework.web.servlet.handler.AbstractHandlerMapping [http-nio-8082-exec-1] Mapped to springfox.documentation.swagger2.web.Swagger2ControllerWebMvc#getDocumentation(String, HttpServletRequest)
2023-03-18 18:09:15,745 DEBUG org.springframework.web.servlet.mvc.method.annotation.AbstractMessageConverterMethodProcessor [http-nio-8082-exec-1] Using 'application/json', given [application/json, */*] and supported [application/json, application/hal+json]
2023-03-18 18:09:15,747 DEBUG org.springframework.core.log.LogFormatUtils [http-nio-8082-exec-1] Writing [springfox.documentation.spring.web.json.Json@4e63527d]
2023-03-18 18:09:15,749 DEBUG org.springframework.web.servlet.FrameworkServlet [http-nio-8082-exec-1] Completed 200 OK
2023-03-18 18:09:54,588 DEBUG org.springframework.core.log.LogFormatUtils [http-nio-8082-exec-2] POST "/students", parameters={}
2023-03-18 18:09:54,589 DEBUG org.springframework.web.servlet.handler.AbstractHandlerMapping [http-nio-8082-exec-2] Mapped to ma.pfe.controllers.StudentController#save(StudentDTO)
2023-03-18 18:09:54,629 DEBUG org.springframework.core.log.LogFormatUtils [http-nio-8082-exec-2] Read "application/json;charset=UTF-8" to [StudentDTO{studentIdDTO=ma.pfe.dtos.StudentIdDTO@702ecbc3, name='mouad', adresse=ma.pfe.dtos.Adresse (truncated)...]
2023-03-18 18:09:54,632 DEBUG ma.pfe.controllers.StudentController [http-nio-8082-exec-2] Start Methode Save dto : StudentDTO{studentIdDTO=ma.pfe.dtos.StudentIdDTO@702ecbc3, name='mouad', adresse=ma.pfe.dtos.AdresseDTO@3193a75f}
2023-03-18 18:09:54,632 DEBUG ma.pfe.services.StudentServiceImpl [http-nio-8082-exec-2] Start Methode Save
2023-03-18 18:09:54,738 DEBUG org.springframework.web.servlet.mvc.method.annotation.AbstractMessageConverterMethodProcessor [http-nio-8082-exec-2] Using 'application/json', given [*/*] and supported [application/json, application/*+json, application/json, application/*+json]
2023-03-18 18:09:54,738 DEBUG org.springframework.core.log.LogFormatUtils [http-nio-8082-exec-2] Writing [0]
2023-03-18 18:09:54,740 DEBUG org.springframework.web.servlet.FrameworkServlet [http-nio-8082-exec-2] Completed 200 OK
2023-03-18 18:10:00,860 DEBUG org.springframework.core.log.LogFormatUtils [http-nio-8082-exec-4] GET "/students", parameters={}
2023-03-18 18:10:00,861 DEBUG org.springframework.web.servlet.handler.AbstractHandlerMapping [http-nio-8082-exec-4] Mapped to ma.pfe.controllers.StudentController#selectAll()
2023-03-18 18:10:00,862 INFO ma.pfe.controllers.StudentController [http-nio-8082-exec-4] Start Methode selectAll
2023-03-18 18:10:00,862 DEBUG ma.pfe.services.StudentServiceImpl [http-nio-8082-exec-4] Start Methode selectAll
2023-03-18 18:10:01,018 DEBUG org.springframework.web.servlet.mvc.method.annotation.AbstractMessageConverterMethodProcessor [http-nio-8082-exec-4] Using 'application/json', given [*/*] and supported [application/json, application/*+json, application/json, application/*+json]
2023-03-18 18:10:01,018 DEBUG org.springframework.core.log.LogFormatUtils [http-nio-8082-exec-4] Writing [[StudentDTO{studentIdDTO=ma.pfe.dtos.StudentIdDTO@3487ea28, name='mouad', adresse=ma.pfe.dtos.Adress (truncated)...]
2023-03-18 18:10:01,021 DEBUG org.springframework.web.servlet.FrameworkServlet [http-nio-8082-exec-4] Completed 200 OK
